[    0.000000] Initializing cgroup subsys cpuset
[    0.000000] Initializing cgroup subsys cpu
[    0.000000] Initializing cgroup subsys cpuacct
[    0.000000] Linux version 4.4.0-135-generic (buildd@lcy01-amd64-020) (gcc version 5.4.0 20160609 (Ubuntu 5.4.0-6ubuntu1~16.04.10) ) #161-Ubuntu SMP Mon Aug 27 10:45:01 UTC 2018 (Ubuntu 4.4.0-135.161-generic 4.4.140)
[    0.000000] Command line: BOOT_IMAGE=/boot/vmlinuz-4.4.0-135-generic root=LABEL=cloudimg-rootfs ro console=tty1 console=ttyS0
[    0.000000] KERNEL supported cpus:
[    0.000000]   Intel GenuineIntel
[    0.000000]   AMD AuthenticAMD
[    0.000000]   Centaur CentaurHauls
[    0.000000] x86/fpu: xstate_offset[2]:  576, xstate_sizes[2]:  256
[    0.000000] x86/fpu: Supporting XSAVE feature 0x01: 'x87 floating point registers'
[    0.000000] x86/fpu: Supporting XSAVE feature 0x02: 'SSE registers'
[    0.000000] x86/fpu: Supporting XSAVE feature 0x04: 'AVX registers'
[    0.000000] x86/fpu: Enabled xstate features 0x7, context size is 832 bytes, using 'standard' format.
[    0.000000] e820: BIOS-provided physical RAM map:
[    0.000000] BIOS-e820: [mem 0x0000000000000000-0x000000000009fbff] usable
[    0.000000] BIOS-e820: [mem 0x000000000009fc00-0x000000000009ffff] reserved
[    0.000000] BIOS-e820: [mem 0x00000000000f0000-0x00000000000fffff] reserved
[    0.000000] BIOS-e820: [mem 0x0000000000100000-0x000000003ffeffff] usable
[    0.000000] BIOS-e820: [mem 0x000000003fff0000-0x000000003fffffff] ACPI data
[    0.000000] BIOS-e820: [mem 0x00000000fec00000-0x00000000fec00fff] reserved
[    0.000000] BIOS-e820: [mem 0x00000000fee00000-0x00000000fee00fff] reserved
[    0.000000] BIOS-e820: [mem 0x00000000fffc0000-0x00000000ffffffff] reserved
[    0.000000] NX (Execute Disable) protection: active
[    0.000000] SMBIOS 2.5 present.
[    0.000000] Hypervisor detected: KVM
[    0.000000] e820: last_pfn = 0x3fff0 max_arch_pfn = 0x400000000
[    0.000000] MTRR: Disabled
[    0.000000] x86/PAT: MTRRs disabled, skipping PAT initialization too.
[    0.000000] CPU MTRRs all blank - virtualized system.
[    0.000000] x86/PAT: Configuration [0-7]: WB  WT  UC- UC  WB  WT  UC- UC  
[    0.000000] found SMP MP-table at [mem 0x0009fff0-0x0009ffff] mapped at [ffff88000009fff0]
[    0.000000] Scanning 1 areas for low memory corruption
[    0.000000] RAMDISK: [mem 0x3630a000-0x3717cfff]
[    0.000000] ACPI: Early table checksum verification disabled
[    0.000000] ACPI: RSDP 0x00000000000E0000 000024 (v02 VBOX  )
[    0.000000] ACPI: XSDT 0x000000003FFF0030 00003C (v01 VBOX   VBOXXSDT 00000001 ASL  00000061)
[    0.000000] ACPI: FACP 0x000000003FFF00F0 0000F4 (v04 VBOX   VBOXFACP 00000001 ASL  00000061)
[    0.000000] ACPI: DSDT 0x000000003FFF0470 00210F (v01 VBOX   VBOXBIOS 00000002 INTL 20100528)
[    0.000000] ACPI: FACS 0x000000003FFF0200 000040
[    0.000000] ACPI: FACS 0x000000003FFF0200 000040
[    0.000000] ACPI: APIC 0x000000003FFF0240 00005C (v02 VBOX   VBOXAPIC 00000001 ASL  00000061)
[    0.000000] ACPI: SSDT 0x000000003FFF02A0 0001CC (v01 VBOX   VBOXCPUT 00000002 INTL 20100528)
[    0.000000] No NUMA configuration found
[    0.000000] Faking a node at [mem 0x0000000000000000-0x000000003ffeffff]
[    0.000000] NODE_DATA(0) allocated [mem 0x3ffeb000-0x3ffeffff]
[    0.000000] kvm-clock: Using msrs 4b564d01 and 4b564d00
[    0.000000] kvm-clock: cpu 0, msr 0:3ffe3001, primary cpu clock
[    0.000000] kvm-clock: using sched offset of 3538230324 cycles
[    0.000000] clocksource: kvm-clock: mask: 0xffffffffffffffff max_cycles: 0x1cd42e4dffb, max_idle_ns: 881590591483 ns
[    0.000000] Zone ranges:
[    0.000000]   DMA      [mem 0x0000000000001000-0x0000000000ffffff]
[    0.000000]   DMA32    [mem 0x0000000001000000-0x000000003ffeffff]
[    0.000000]   Normal   empty
[    0.000000]   Device   empty
[    0.000000] Movable zone start for each node
[    0.000000] Early memory node ranges
[    0.000000]   node   0: [mem 0x0000000000001000-0x000000000009efff]
[    0.000000]   node   0: [mem 0x0000000000100000-0x000000003ffeffff]
[    0.000000] Initmem setup node 0 [mem 0x0000000000001000-0x000000003ffeffff]
[    0.000000] ACPI: PM-Timer IO Port: 0x4008
[    0.000000] IOAPIC[0]: apic_id 2, version 32, address 0xfec00000, GSI 0-23
[    0.000000] ACPI: INT_SRC_OVR (bus 0 bus_irq 0 global_irq 2 dfl dfl)
[    0.000000] ACPI: INT_SRC_OVR (bus 0 bus_irq 9 global_irq 9 high level)
[    0.000000] Using ACPI (MADT) for SMP configuration information
[    0.000000] smpboot: Allowing 2 CPUs, 0 hotplug CPUs
[    0.000000] PM: Registered nosave memory: [mem 0x00000000-0x00000fff]
[    0.000000] PM: Registered nosave memory: [mem 0x0009f000-0x0009ffff]
[    0.000000] PM: Registered nosave memory: [mem 0x000a0000-0x000effff]
[    0.000000] PM: Registered nosave memory: [mem 0x000f0000-0x000fffff]
[    0.000000] e820: [mem 0x40000000-0xfebfffff] available for PCI devices
[    0.000000] Booting paravirtualized kernel on KVM
[    0.000000] clocksource: refined-jiffies: mask: 0xffffffff max_cycles: 0xffffffff, max_idle_ns: 7645519600211568 ns
[    0.000000] setup_percpu: NR_CPUS:512 nr_cpumask_bits:512 nr_cpu_ids:2 nr_node_ids:1
[    0.000000] PERCPU: Embedded 34 pages/cpu @ffff88003fc00000 s99544 r8192 d31528 u1048576
[    0.000000] PV qspinlock hash table entries: 256 (order: 0, 4096 bytes)
[    0.000000] Built 1 zonelists in Node order, mobility grouping on.  Total pages: 257912
[    0.000000] Policy zone: DMA32
[    0.000000] Kernel command line: BOOT_IMAGE=/boot/vmlinuz-4.4.0-135-generic root=LABEL=cloudimg-rootfs ro console=tty1 console=ttyS0
[    0.000000] PID hash table entries: 4096 (order: 3, 32768 bytes)
[    0.000000] Memory: 997720K/1048120K available (8554K kernel code, 1314K rwdata, 4004K rodata, 1516K init, 1316K bss, 50400K reserved, 0K cma-reserved)
[    0.000000] SLUB: HWalign=64, Order=0-3, MinObjects=0, CPUs=2, Nodes=1
[    0.000000] Kernel/User page tables isolation: enabled
[    0.000000] Hierarchical RCU implementation.
[    0.000000] 	Build-time adjustment of leaf fanout to 64.
[    0.000000] 	RCU restricting CPUs from NR_CPUS=512 to nr_cpu_ids=2.
[    0.000000] RCU: Adjusting geometry for rcu_fanout_leaf=64, nr_cpu_ids=2
[    0.000000] NR_IRQS:33024 nr_irqs:440 16
[    0.000000] Console: colour VGA+ 80x25
[    0.000000] console [tty1] enabled
[    0.000000] console [ttyS0] enabled
[    0.000000] tsc: Detected 2699.998 MHz processor
[    1.528608] Calibrating delay loop (skipped) preset value.. 5399.99 BogoMIPS (lpj=10799992)
[    1.601838] pid_max: default: 32768 minimum: 301
[    1.637730] ACPI: Core revision 20150930
[    1.679639] ACPI: 2 ACPI AML tables successfully acquired and loaded
[    1.733991] Security Framework initialized
[    1.751101] Yama: becoming mindful.
[    1.751961] AppArmor: AppArmor initialized
[    1.752975] Dentry cache hash table entries: 131072 (order: 8, 1048576 bytes)
[    1.758739] Inode-cache hash table entries: 65536 (order: 7, 524288 bytes)
[    1.771893] Mount-cache hash table entries: 2048 (order: 2, 16384 bytes)
[    1.804859] Mountpoint-cache hash table entries: 2048 (order: 2, 16384 bytes)
[    1.847792] Initializing cgroup subsys io
[    1.896924] Initializing cgroup subsys memory
[    1.923784] Initializing cgroup subsys devices
[    1.959132] Initializing cgroup subsys freezer
[    1.966286] Initializing cgroup subsys net_cls
[    1.985896] Initializing cgroup subsys perf_event
[    2.008215] Initializing cgroup subsys net_prio
[    2.009260] Initializing cgroup subsys hugetlb
[    2.010288] Initializing cgroup subsys pids
[    2.012650] mce: CPU supports 0 MCE banks
[    2.015787] Last level iTLB entries: 4KB 64, 2MB 8, 4MB 8
[    2.018288] Last level dTLB entries: 4KB 64, 2MB 0, 4MB 0, 1GB 4
[    2.023680] Spectre V2 : Mitigation: Full generic retpoline
[    2.052540] Spectre V2 : Speculation control IBPB not-supported IBRS not-supported
[    2.142829] Speculative Store Bypass: Vulnerable
[    2.181925] Freeing SMP alternatives memory: 32K
[    2.202842] ftrace: allocating 32266 entries in 127 pages
[    2.285902] smpboot: APIC(0) Converting physical 0 to logical package 0
[    2.310396] smpboot: Max logical packages: 1
[    2.312211] x2apic enabled
[    2.326860] Switched APIC routing to physical x2apic.
[    2.329482] ..TIMER: vector=0x30 apic1=0 pin1=2 apic2=-1 pin2=-1
[    2.450579] smpboot: CPU0: Intel(R) Core(TM) i5-5257U CPU @ 2.70GHz (family: 0x6, model: 0x3d, stepping: 0x4)
[    2.458419] Performance Events: unsupported p6 CPU model 61 no PMU driver, software events only.
[    2.462298] KVM setup paravirtual spinlock
[    2.478348] x86: Booting SMP configuration:
[    2.484885] .... node  #0, CPUs:      #1
[    2.493857] kvm-clock: cpu 1, msr 0:3ffe3041, secondary cpu clock
[    2.546269] mce: CPU supports 0 MCE banks
[    2.576612] x86: Booted up 1 node, 2 CPUs
[    2.578391] smpboot: Total of 2 processors activated (10799.99 BogoMIPS)
[    2.592955] devtmpfs: initialized
[    2.596940] evm: security.selinux
[    2.599163] evm: security.SMACK64
[    2.610045] evm: security.SMACK64EXEC
[    2.610937] evm: security.SMACK64TRANSMUTE
[    2.611899] evm: security.SMACK64MMAP
[    2.612778] evm: security.ima
[    2.613556] evm: security.capability
[    2.614701] clocksource: jiffies: mask: 0xffffffff max_cycles: 0xffffffff, max_idle_ns: 7645041785100000 ns
[    2.638329] futex hash table entries: 512 (order: 3, 32768 bytes)
[    2.640229] pinctrl core: initialized pinctrl subsystem
[    2.644537] RTC time: 10:05:00, date: 10/08/18
[    2.647692] NET: Registered protocol family 16
[    2.667331] cpuidle: using governor ladder
[    2.691028] cpuidle: using governor menu
[    2.697282] PCCT header not found.
[    2.718172] ACPI: bus type PCI registered
[    2.719169] acpiphp: ACPI Hot Plug PCI Controller Driver version: 0.5
[    2.720658] PCI: Using configuration type 1 for base access
[    2.748176] ACPI: Added _OSI(Module Device)
[    2.756078] ACPI: Added _OSI(Processor Device)
[    2.769302] ACPI: Added _OSI(3.0 _SCP Extensions)
[    2.771474] ACPI: Added _OSI(Processor Aggregator Device)
[    2.778402] ACPI: Executed 1 blocks of module-level executable AML code
[    2.814930] ACPI: Interpreter enabled
[    2.837582] ACPI: (supports S0 S5)
[    2.838478] ACPI: Using IOAPIC for interrupt routing
[    2.854790] PCI: Using host bridge windows from ACPI; if necessary, use "pci=nocrs" and report a bug
[    2.867813] ACPI: PCI Root Bridge [PCI0] (domain 0000 [bus 00-ff])
[    2.874765] acpi PNP0A03:00: _OSC: OS supports [ASPM ClockPM Segments MSI]
[    2.876297] acpi PNP0A03:00: _OSC failed (AE_NOT_FOUND); disabling ASPM
[    2.879149] acpi PNP0A03:00: fail to add MMCONFIG information, can't access extended PCI configuration space under this bridge.
[    2.892992] PCI host bridge to bus 0000:00
[    2.894002] pci_bus 0000:00: root bus resource [io  0x0000-0x0cf7 window]
[    2.895737] pci_bus 0000:00: root bus resource [io  0x0d00-0xffff window]
[    2.900889] pci_bus 0000:00: root bus resource [mem 0x000a0000-0x000bffff window]
[    2.910171] pci_bus 0000:00: root bus resource [mem 0x40000000-0xffdfffff window]
[    2.912162] pci_bus 0000:00: root bus resource [bus 00-ff]
[    2.918108] pci 0000:00:01.1: legacy IDE quirk: reg 0x10: [io  0x01f0-0x01f7]
[    2.939815] pci 0000:00:01.1: legacy IDE quirk: reg 0x14: [io  0x03f6]
[    2.948214] pci 0000:00:01.1: legacy IDE quirk: reg 0x18: [io  0x0170-0x0177]
[    2.957860] pci 0000:00:01.1: legacy IDE quirk: reg 0x1c: [io  0x0376]
[    2.997126] pci 0000:00:07.0: quirk: [io  0x4000-0x403f] claimed by PIIX4 ACPI
[    3.043161] pci 0000:00:07.0: quirk: [io  0x4100-0x410f] claimed by PIIX4 SMB
[    3.078340] ACPI: PCI Interrupt Link [LNKA] (IRQs 5 9 10 *11)
[    3.129577] ACPI: PCI Interrupt Link [LNKB] (IRQs 5 9 10 *11)
[    3.144453] ACPI: PCI Interrupt Link [LNKC] (IRQs 5 9 *10 11)
[    3.183974] ACPI: PCI Interrupt Link [LNKD] (IRQs 5 *9 10 11)
[    3.238068] ACPI: Enabled 2 GPEs in block 00 to 07
[    3.277999] vgaarb: setting as boot device: PCI:0000:00:02.0
[    3.324671] vgaarb: device added: PCI:0000:00:02.0,decodes=io+mem,owns=io+mem,locks=none
[    3.391543] vgaarb: loaded
[    3.413382] vgaarb: bridge control possible 0000:00:02.0
[    3.432614] SCSI subsystem initialized
[    3.439242] ACPI: bus type USB registered
[    3.447845] usbcore: registered new interface driver usbfs
[    3.449131] usbcore: registered new interface driver hub
[    3.450340] usbcore: registered new device driver usb
[    3.453677] PCI: Using ACPI for IRQ routing
[    3.476634] NetLabel: Initializing
[    3.485928] NetLabel:  domain hash size = 128
[    3.486973] NetLabel:  protocols = UNLABELED CIPSOv4
[    3.488141] NetLabel:  unlabeled traffic allowed by default
[    3.507165] amd_nb: Cannot enumerate AMD northbridges
[    3.513741] clocksource: Switched to clocksource kvm-clock
[    3.525855] AppArmor: AppArmor Filesystem Enabled
[    3.536687] pnp: PnP ACPI init
[    3.542777] pnp: PnP ACPI: found 3 devices
[    3.554893] clocksource: acpi_pm: mask: 0xffffff max_cycles: 0xffffff, max_idle_ns: 2085701024 ns
[    3.560009] NET: Registered protocol family 2
[    3.566219] TCP established hash table entries: 8192 (order: 4, 65536 bytes)
[    3.571676] TCP bind hash table entries: 8192 (order: 5, 131072 bytes)
[    3.589910] TCP: Hash tables configured (established 8192 bind 8192)
[    3.656979] UDP hash table entries: 512 (order: 2, 16384 bytes)
[    3.702515] UDP-Lite hash table entries: 512 (order: 2, 16384 bytes)
[    3.703980] NET: Registered protocol family 1
[    3.705042] pci 0000:00:00.0: Limiting direct PCI/PCI transfers
[    3.727471] pci 0000:00:01.0: Activating ISA DMA hang workarounds
[    3.728960] Unpacking initramfs...
[    3.956045] Freeing initrd memory: 14796K
[    3.982533] RAPL PMU detected, API unit is 2^-32 Joules, 4 fixed counters 10737418240 ms ovfl timer
[    4.058302] hw unit of domain pp0-core 2^-0 Joules
[    4.075083] hw unit of domain package 2^-0 Joules
[    4.151570] hw unit of domain dram 2^-0 Joules
[    4.193850] hw unit of domain pp1-gpu 2^-0 Joules
[    4.249733] platform rtc_cmos: registered platform RTC device (no PNP device found)
[    4.258378] Scanning for low memory corruption every 60 seconds
[    4.260214] audit: initializing netlink subsys (disabled)
[    4.266915] audit: type=2000 audit(1538993104.207:1): initialized
[    4.274267] Initialise system trusted keyring
[    4.280902] HugeTLB registered 2 MB page size, pre-allocated 0 pages
[    4.305844] zbud: loaded
[    4.307169] VFS: Disk quotas dquot_6.6.0
[    4.310868] VFS: Dquot-cache hash table entries: 512 (order 0, 4096 bytes)
[    4.338307] squashfs: version 4.0 (2009/01/31) Phillip Lougher
[    4.345531] fuse init (API version 7.23)
[    4.350055] Key type big_key registered
[    4.361643] Allocating IMA MOK and blacklist keyrings.
[    4.380520] Key type asymmetric registered
[    4.384221] Asymmetric key parser 'x509' registered
[    4.392832] Block layer SCSI generic (bsg) driver version 0.4 loaded (major 249)
[    4.407204] io scheduler noop registered
[    4.415712] io scheduler deadline registered (default)
[    4.430640] io scheduler cfq registered
[    4.431715] pci_hotplug: PCI Hot Plug PCI Core version: 0.5
[    4.433051] pciehp: PCI Express Hot Plug Controller Driver version: 0.4
[    4.435137] ACPI: AC Adapter [AC] (on-line)
[    4.436248] input: Power Button as /devices/LNXSYSTM:00/LNXPWRBN:00/input/input0
[    4.438087] ACPI: Power Button [PWRF]
[    4.443830] input: Sleep Button as /devices/LNXSYSTM:00/LNXSLPBN:00/input/input1
[    4.445593] ACPI: Sleep Button [SLPF]
[    4.447197] GHES: HEST is not enabled!
[    4.448496] Serial: 8250/16550 driver, 32 ports, IRQ sharing enabled
[    4.448501] ACPI: Battery Slot [BAT0] (battery present)
[    4.473104] 00:02: ttyS0 at I/O 0x3f8 (irq = 4, base_baud = 115200) is a 16550A
[    4.499646] Linux agpgart interface v0.103
[    4.516681] loop: module loaded
[    4.528182] scsi host0: ata_piix
[    4.540869] scsi host1: ata_piix
[    4.554216] ata1: PATA max UDMA/33 cmd 0x1f0 ctl 0x3f6 bmdma 0xd000 irq 14
[    4.566837] ata2: PATA max UDMA/33 cmd 0x170 ctl 0x376 bmdma 0xd008 irq 15
[    4.594471] libphy: Fixed MDIO Bus: probed
[    4.603684] tun: Universal TUN/TAP device driver, 1.6
[    4.652703] tun: (C) 1999-2004 Max Krasnyansky <maxk@qualcomm.com>
[    4.654080] PPP generic driver version 2.4.2
[    4.680063] ehci_hcd: USB 2.0 'Enhanced' Host Controller (EHCI) Driver
[    4.710450] ehci-pci: EHCI PCI platform driver
[    4.711547] ehci-platform: EHCI generic platform driver
[    4.712713] ohci_hcd: USB 1.1 'Open' Host Controller (OHCI) Driver
[    4.714053] ohci-pci: OHCI PCI platform driver
[    4.734743] ohci-platform: OHCI generic platform driver
[    4.736178] uhci_hcd: USB Universal Host Controller Interface driver
[    4.737771] i8042: PNP: PS/2 Controller [PNP0303:PS2K,PNP0f03:PS2M] at 0x60,0x64 irq 1,12
[    4.824614] serio: i8042 KBD port at 0x60,0x64 irq 1
[    4.830573] serio: i8042 AUX port at 0x60,0x64 irq 12
[    4.837367] mousedev: PS/2 mouse device common for all mice
[    4.838834] input: AT Translated Set 2 keyboard as /devices/platform/i8042/serio0/input/input2
[    4.867028] rtc_cmos rtc_cmos: rtc core: registered rtc_cmos as rtc0
[    4.879380] rtc_cmos rtc_cmos: alarms up to one day, 114 bytes nvram
[    4.880730] i2c /dev entries driver
[    4.881633] device-mapper: uevent: version 1.0.3
[    4.888347] device-mapper: ioctl: 4.34.0-ioctl (2015-10-28) initialised: dm-devel@redhat.com
[    4.999736] ledtrig-cpu: registered to indicate activity on CPUs
[    5.019851] NET: Registered protocol family 10
[    5.024908] NET: Registered protocol family 17
[    5.027092] Key type dns_resolver registered
[    5.050367] registered taskstats version 1
[    5.062132] Loading compiled-in X.509 certificates
[    5.112920] Loaded X.509 cert 'Build time autogenerated kernel key: b7189ebc996fd79c52efc1226b6676b25e4f6a2d'
[    5.220402] zswap: loaded using pool lzo/zbud
[    5.223666] Key type trusted registered
[    5.277893] tsc: Refined TSC clocksource calibration: 2700.161 MHz
[    5.303815] clocksource: tsc: mask: 0xffffffffffffffff max_cycles: 0x26ebd69a2bd, max_idle_ns: 440795263884 ns
[    5.309657] Key type encrypted registered
[    5.309666] AppArmor: AppArmor sha1 policy hashing enabled
[    5.309669] ima: No TPM chip found, activating TPM-bypass!
[    5.309679] ima: Allocated hash algorithm: sha1
[    5.309698] evm: HMAC attrs: 0x1
[    5.310082]   Magic number: 6:198:72
[    5.330535] rtc_cmos rtc_cmos: setting system clock to 2018-10-08 10:05:02 UTC (1538993102)
[    5.330702] BIOS EDD facility v0.16 2004-Jun-25, 0 devices found
[    5.330703] EDD information not available.
[    5.469201] Freeing unused kernel memory: 1516K
[    5.485923] Write protecting the kernel read-only data: 14336k
[    5.493276] Freeing unused kernel memory: 1672K
[    5.501507] Freeing unused kernel memory: 92K
Loading, please wait...
[    5.537348] random: systemd-udevd: uninitialized urandom read (16 bytes read, 5 bits of entropy available)
starting version 229
[    5.538446] random: udevadm: uninitialized urandom read (16 bytes read, 5 bits of entropy available)
[    5.538483] random: udevadm: uninitialized urandom read (16 bytes read, 5 bits of entropy available)
[    5.559272] random: udevadm: uninitialized urandom read (16 bytes read, 5 bits of entropy available)
[    5.559326] random: udevadm: uninitialized urandom read (16 bytes read, 5 bits of entropy available)
[    5.559493] random: udevadm: uninitialized urandom read (16 bytes read, 5 bits of entropy available)
[    5.559559] random: udevadm: uninitialized urandom read (16 bytes read, 5 bits of entropy available)
[    5.559621] random: udevadm: uninitialized urandom read (16 bytes read, 5 bits of entropy available)
[    5.559683] random: udevadm: uninitialized urandom read (16 bytes read, 5 bits of entropy available)
[    5.559745] random: udevadm: uninitialized urandom read (16 bytes read, 5 bits of entropy available)
[    5.967457] e1000: Intel(R) PRO/1000 Network Driver - version 7.3.21-k8-NAPI
[    5.969372] e1000: Copyright (c) 1999-2006 Intel Corporation.
[    5.978614] Fusion MPT base driver 3.04.20
[    5.989651] Copyright (c) 1999-2008 LSI Corporation
[    6.010300] Fusion MPT SPI Host driver 3.04.20
[    6.030924] AVX version of gcm_enc/dec engaged.
[    6.056732] AES CTR mode by8 optimization enabled
[    6.175260] input: ImExPS/2 Generic Explorer Mouse as /devices/platform/i8042/serio1/input/input4
[    6.470595] e1000 0000:00:03.0 eth0: (PCI:33MHz:32-bit) 02:48:e1:e3:74:ed
[    6.476407] e1000 0000:00:03.0 eth0: Intel(R) PRO/1000 Network Connection
[    6.478523] mptbase: ioc0: Initiating bringup
[    6.479004] e1000 0000:00:03.0 enp0s3: renamed from eth0
[    6.598288] ioc0: LSI53C1030 A0: Capabilities={Initiator}
[    6.797239] scsi host2: ioc0: LSI53C1030 A0, FwRev=00000000h, Ports=1, MaxQ=256, IRQ=20
[    6.915233] scsi 2:0:0:0: Direct-Access     VBOX     HARDDISK         1.0  PQ: 0 ANSI: 5
[    6.917712] scsi target2:0:0: Beginning Domain Validation
[    6.931526] scsi target2:0:0: Domain Validation skipping write tests
[    6.966461] scsi target2:0:0: Ending Domain Validation
[    7.000793] scsi target2:0:0: asynchronous
[    7.010783] scsi 2:0:1:0: Direct-Access     VBOX     HARDDISK         1.0  PQ: 0 ANSI: 5
[    7.092188] scsi target2:0:1: Beginning Domain Validation
[    7.126162] scsi target2:0:1: Domain Validation skipping write tests
[    7.289392] scsi target2:0:1: Ending Domain Validation
[    7.390075] scsi target2:0:1: asynchronous
[    7.544479] sd 2:0:0:0: [sda] 20971520 512-byte logical blocks: (10.7 GB/10.0 GiB)
[    7.590234] sd 2:0:0:0: Attached scsi generic sg0 type 0
[    7.605902] sd 2:0:0:0: [sda] Write Protect is off
[    7.606523] sd 2:0:1:0: Attached scsi generic sg1 type 0
[    7.606922] sd 2:0:1:0: [sdb] 20480 512-byte logical blocks: (10.5 MB/10.0 MiB)
[    7.607064] sd 2:0:1:0: [sdb] Write Protect is off
[    7.607156] sd 2:0:1:0: [sdb] Incomplete mode parameter data
[    7.607157] sd 2:0:1:0: [sdb] Assuming drive cache: write through
[    7.609893] sd 2:0:1:0: [sdb] Attached SCSI disk
[    7.751945] sd 2:0:0:0: [sda] Incomplete mode parameter data
[    7.761788] sd 2:0:0:0: [sda] Assuming drive cache: write through
[    7.768329]  sda: sda1
[    7.778760] sd 2:0:0:0: [sda] Attached SCSI disk
Begin: Loading e[    9.171394] md: linear personality registered for level -1
ssential drivers[    9.255298] md: multipath personality registered for level -4
 ... [    9.337740] md: raid0 personality registered for level 0
[    9.382484] md: raid1 personality registered for level 1
[    9.481782] raid6: sse2x1   gen()  8294 MB/s
[    9.561769] raid6: sse2x1   xor()  6604 MB/s
[    9.671001] raid6: sse2x2   gen() 10656 MB/s
[    9.797884] raid6: sse2x2   xor()  6947 MB/s
[    9.877789] raid6: sse2x4   gen() 11636 MB/s
[    9.953797] raid6: sse2x4   xor()  5083 MB/s
[   10.009284] raid6: using algorithm sse2x4 gen() 11636 MB/s
[   10.081240] raid6: .... xor() 5083 MB/s, rmw enabled
[   10.122853] raid6: using ssse3x2 recovery algorithm
[   10.169683] xor: automatically using best checksumming function:
[   10.217914]    avx       : 21465.000 MB/sec
[   10.267514] async_tx: api initialized (async)
[   10.299937] md: raid6 personality registered for level 6
[   10.359250] md: raid5 personality registered for level 5
[   10.411730] md: raid4 personality registered for level 4
[   10.476745] md: raid10 personality registered for level 10
done.
Begin: Running /scripts/init-premount ... done.
Begin: Mounting root file system ... Begin: Running /scripts/local-top ... done.
Begin: Running /scripts/local-premount ... [   10.535886] Btrfs loaded
Scanning for Btrfs filesystems
done.
Warning: fsck no[   10.603143] EXT4-fs (sda1): mounted filesystem with ordered data mode. Opts: (null)
t present, so skipping root file system
done.
Begin: Running /scripts/local-bottom ... done.
Begin: Running /scripts/init-bottom ... done.
[   10.767526] systemd[1]: systemd 229 running in system mode. (+PAM +AUDIT +SELINUX +IMA +APPARMOR +SMACK +SYSVINIT +UTMP +LIBCRYPTSETUP +GCRYPT +GNUTLS +ACL +XZ -LZ4 +SECCOMP +BLKID +ELFUTILS +KMOD -IDN)
[   10.912385] systemd[1]: Detected virtualization oracle.
[   10.927050] systemd[1]: Detected architecture x86-64.

Welcome to [1mUbuntu 16.04.5 LTS[0m!

[   10.938755] systemd[1]: Set hostname to <ubuntu-xenial>.
[   11.164465] systemd[1]: Listening on LVM2 poll daemon socket.
[[0;32m  OK  [0m] Listening on LVM2 poll daemon socket.
[   11.278781] systemd[1]: Listening on udev Kernel Socket.
[[0;32m  OK  [0m] Listening on udev Kernel Socket.
[   11.342536] systemd[1]: Listening on Syslog Socket.
[[0;32m  OK  [0m] Listening on Syslog Socket.
[   11.354075] systemd[1]: Started Forward Password Requests to Wall Directory Watch.
[[0;32m  OK  [0m] Started Forward Password Requests to Wall Directory Watch.
[   11.430282] systemd[1]: Listening on Journal Socket.
[[0;32m  OK  [0m] Listening on Journal Socket.
[   11.494276] systemd[1]: Listening on Journal Socket (/dev/log).
[[0;32m  OK  [0m] Listening on Journal Socket (/dev/log).
[   11.574603] systemd[1]: Reached target Swap.
[[0;32m  OK  [0m] Reached target Swap.
[   11.646717] systemd[1]: Listening on /dev/initctl Compatibility Named Pipe.
[[0;32m  OK  [0m] Listening on /dev/initctl Compatibility Named Pipe.
[   11.802757] systemd[1]: Reached target Encrypted Volumes.
[[0;32m  OK  [0m] Reached target Encrypted Volumes.
[   11.806525] systemd[1]: Set up automount Arbitrary Executable File Formats File System Automount Point.
[[0;32m  OK  [0m] Set up automount Arbitrary Executab...ats File System Automount Point.
[   11.818803] systemd[1]: Reached target User and Group Name Lookups.
[[0;32m  OK  [0m] Reached target User and Group Name Lookups.
[   11.837590] systemd[1]: Created slice User and Session Slice.
[[0;32m  OK  [0m] Created slice User and Session Slice.
[   11.858677] systemd[1]: Listening on Journal Audit Socket.
[[0;32m  OK  [0m] Listening on Journal Audit Socket.
[   11.954207] systemd[1]: Listening on LVM2 metadata daemon socket.
[[0;32m  OK  [0m] Listening on LVM2 metadata daemon socket.
[   12.025547] systemd[1]: Created slice System Slice.
[[0;32m  OK  [0m] Created slice System Slice.
[   12.134042] systemd[1]: Starting Set console keymap...
         Starting Set console keymap...
[   12.251886] systemd[1]: Created slice system-serial\x2dgetty.slice.
[[0;32m  OK  [0m] Created slice system-serial\x2dgetty.slice.
[   12.282347] systemd[1]: Starting Journal Service...
[   12.296388] random: nonblocking pool is initialized
         Starting Journal Service...
[   12.318314] systemd[1]: Starting Nameserver information manager...
         Starting Nameserver information manager...
[   12.344045] systemd[1]: Starting Create list of required static device nodes for the current kernel...
         Starting Create list of required st... nodes for the current kernel...
[   12.438104] systemd[1]: Starting Uncomplicated firewall...
         Starting Uncomplicated firewall...
[   12.495120] systemd[1]: Mounting Huge Pages File System...
         Mounting Huge Pages File System...
[   12.542353] systemd[1]: Reached target Slices.
[[0;32m  OK  [0m] Reached target Slices.
[   12.635336] systemd[1]: Starting Load Kernel Modules...
         Starting Load Kernel Modules...
[   12.650861] Loading iSCSI transport class v2.0-870.
[   12.651027] systemd[1]: Mounting POSIX Message Queue File System...
         Mounting POSIX Message Queue File System...
[   12.676991] systemd[1]: Listening on Device-mapper event daemon FIFOs.
[[0;32m  OK  [0[   12.695757] iscsi: registered transport (tcp)
m] Listening on Device-mapper event daemon FIFOs.
[   12.746439] systemd[1]: Starting Monitoring of LVM2 mirrors, snapshots etc. using dmeventd or progress polling...
         Starting Monitoring of LVM2 mirr[   12.759994] iscsi: registered transport (iser)
ors... dmeventd or progress polling...
[   12.802178] systemd[1]: Listening on udev Control Socket.
[[0;32m  OK  [0m] Listening on udev Control Socket.
[   12.882209] systemd[1]: Starting Remount Root and Kernel File Systems...
[   12.886962] EXT4-fs (sda1): re-mounted. Opts: (null)
         Starting Remount Root and Kernel File Systems...
[   13.006676] systemd[1]: Started Trigger resolvconf update for networkd DNS.
[[0;32m  OK  [0m] Started Trigger resolvconf update for networkd DNS.
[   13.070062] systemd[1]: Mounting Debug File System...
         Mounting Debug File System...
[   13.083175] systemd[1]: Mounted Huge Pages File System.
[[0;32m  OK  [0m] Mounted Huge Pages File System.
[   13.166761] systemd[1]: Mounted POSIX Message Queue File System.
[[0;32m  OK  [0m] Mounted POSIX Message Queue File System.
[   13.274095] systemd[1]: Mounted Debug File System.
[[0;32m  OK  [0m] Mounted Debug File System.
[   13.302450] systemd[1]: Started Journal Service.
[[0;32m  OK  [0m] Started Journal Service.
[[0;32m  OK  [0m] Started Set console keymap.
[[0;32m  OK  [0m] Started Create list of required sta...ce nodes for the current kernel.
[[0;32m  OK  [0m] Started Uncomplicated firewall.
[[0;32m  OK  [0m] Started Load Kernel Modules.
[[0;32m  OK  [0m] Started Remount Root and Kernel File Systems.
[[0;32m  OK  [0m] Started Nameserver information manager.
[[0;32m  OK  [0m] Started LVM2 metadata daemon.
         Starting Load/Save Random Seed...
         Starting udev Coldplug all Devices...
         Mounting FUSE Control File System...
         Starting Apply Kernel Variables...
         Starting Create Static Device Nodes in /dev...
         Starting Flush Journal to Persistent Storage...
[[0;32m  OK  [0m] Mounted FUSE Control File System.
[[0;32m  OK  [0m] Started Load/Save Random Seed.
[[0;32m  OK  [0m] Started Monitoring of LVM2 mirrors,...ng dmeventd or progress polling.
[[0;32m  OK  [0m] Started Apply Kernel Variables.
[[0;32m  OK  [0m] Started Create Static Device Nodes in /dev.
[[0;32m  OK  [0m] Started udev Coldplug all Devices.
[[0;32m  OK  [0m] Started Flush Journal to Persistent Storage.
         Starting udev Kernel Device Manager...
[[0;32m  OK  [0m] Started udev Kernel Device Manager.
[[0;32m  OK  [0m] Started Dispatch Password Requests to Console Directory Watch.
[[0;32m  OK  [0m] Reached target Local File Systems (Pre).
[[0;32m  OK  [0m] Reached target Local File Systems.
         Starting Initial cloud-init job (pre-networking)...
         Starting Tell Plymouth To Write Out Runtime Data...
         Starting Create Volatile Files and Directories...
         Starting Set console font and keymap...
         Starting LSB: AppArmor initialization...
[[0;32m  OK  [0m] Started Tell Plymouth To Write Out Runtime Data.
[[0;32m  OK  [0m] Started Create Volatile Files and Directories.
[[0;32m  OK  [0m] Found device /dev/ttyS0.
[[0;32m  OK  [0m] Listening on Load/Save RF Kill Switch Status /dev/rfkill Watch.
         Starting Update UTMP about System Boot/Shutdown...
[[0;32m  OK  [0m] Reached target System Time Synchronized.
[[0;32m  OK  [0m] Started Update UTMP about System Boot/Shutdown.
[[0;32m  OK  [0m] Started Set console font and keymap.
[[0;32m  OK  [0m] Started LSB: AppArmor initialization.
[[0;32m  OK  [0m] Created slice system-getty.slice.
[[0;32m  OK  [0m] Found device 82540EM Gigabit Ethern...r (PRO/1000 MT Desktop Adapter).
[   12.436894] cloud-init[474]: Cloud-init v. 18.3-9-g2e62cb8a-0ubuntu1~16.04.2 running 'init-local' at Mon, 08 Oct 2018 10:05:12 +0000. Up 12.16 seconds.
[[0;32m  OK  [0m] Started Initial cloud-init job (pre-networking).
[[0;32m  OK  [0m] Reached target Network (Pre).
[[0;32m  OK  [0m] Started ifup for enp0s3.
         Starting Raise network interfaces...
[[0;32m  OK  [0m] Started Raise network interfaces.
[[0;32m  OK  [0m] Reached target Network.
         Starting Initial cloud-init job (metadata service crawler)...
[   13.617104] cloud-init[953]: Cloud-init v. 18.3-9-g2e62cb8a-0ubuntu1~16.04.2 running 'init' at Mon, 08 Oct 2018 10:05:13 +0000. Up 13.23 seconds.
[   13.704847] cloud-init[953]: ci-info: ++++++++++++++++++++++++++++++++++++++Net device info++++++++++++++++++++++++++++++++++++++
[   13.705193] cloud-init[953]: ci-info: +--------+------+----------------------------+---------------+--------+-------------------+
[[0;32m  OK  [0m] Started Initial cloud-init job (metadata service crawler).
[   13.705374] cloud-init[953]: ci-info: | Device |  Up  |          Address           |      Mask     | Scope  |     Hw-Address    |
[   13.908990] cloud-init[953]: ci-info: +--------+------+----------------------------+---------------+--------+-------------------+
[   13.909319] cloud-init[953]: ci-info: | enp0s3 | True |         10.0.2.15          | 255.255.255.0 | global | 02:48:e1:e3:74:ed |
[[0;32m  OK  [0m] Reached target Network is Online.
[   13.909553] cloud-init[953]: ci-info: | enp0s3 | True | fe80::48:e1ff:fee3:74ed/64 |       .       |  link  | 02:48:e1:e3:74:ed |
[   14.148078] cloud-init[953]: ci-info: |   lo   | True |         127.0.0.1          |   255.0.0.0   |  host  |         .         |
[   14.148382] cloud-init[953]: ci-info: |   lo   | True |          ::1/128           |       .       |  host  |         .         |
         Starting iSCSI initiator daemon (iscsid)...
[[   14.148610] cloud-init[953]: ci-info: +--------+------+----------------------------+---------------+--------+-------------------+
[   14.357553] cloud-init[953]: ci-info: +++++++++++++++++++++++++++Route IPv4 info++++++++++++++++++++++++++++
[0;32m  OK  [0m] Reached target Cloud-config availability.
[[   14.357628] cloud-init[953]: ci-info: +-------+-------------+----------+---------------+-----------+-------+
[0;32m  OK  [0m] Reached target System Initialization.
[   14.533079] cloud-init[953]: ci-info: | Route | Destination | Gateway  |    Genmask    | Interface | Flags |
[   14.652996] cloud-init[953]: ci-info: +-------+-------------+----------+---------------+-----------+-------+
[   14.653600] cloud-init[953]: ci-info: |   0   |   0.0.0.0   | 10.0.2.2 |    0.0.0.0    |   enp0s3  |   UG  |
         Starting LXD - unix socket.
[[   14.653767] cloud-init[953]: ci-info: |   1   |   10.0.2.0  | 0.0.0.0  | 255.255.255.0 |   enp0s3  |   U   |
[   14.849457] cloud-init[953]: ci-info: +-------+-------------+----------+---------------+-----------+-------+
[   14.849644] cloud-init[953]: ci-info: +++++++++++++++++++Route IPv6 info+++++++++++++++++++
[   14.849869] cloud-init[953]: ci-info: +-------+-------------+---------+-----------+-------+
[   14.850091] cloud-init[953]: ci-info: | Route | Destination | Gateway | Interface | Flags |
[   14.850318] cloud-init[953]: ci-info: +-------+-------------+---------+-----------+-------+
[   14.850545] cloud-init[953]: ci-info: |   0   |  fe80::/64  |    ::   |   enp0s3  |   U   |
[   14.850779] cloud-init[953]: ci-info: |   3   |   ff00::/8  |    ::   |   enp0s3  |   U   |
[   14.850996] cloud-init[953]: ci-info: +-------+-------------+---------+-----------+-------+
[0;32m  OK  [0m] Listening on ACPID Listen Socket.
[[0;32m  OK  [0m] Started Daily apt download activities.
[[0;32m  OK  [0m] Started Daily Cleanup of Temporary Directories.
[[0;32m  OK  [0m] Listening on UUID daemon activation socket.
[[0;32m  OK  [0m] Started ACPI Events Check.
[[0;32m  OK  [0m] Reached target Paths.
         Starting Socket activation for snappy daemon.
[[0;32m  OK  [0m] Listening on D-Bus System Message Bus Socket.
[[0;32m  OK  [0m] Started Daily apt upgrade and clean activities.
[[0;32m  OK  [0m] Reached target Timers.
[[0;32m  OK  [0m] Listening on LXD - unix socket.
[[0;32m  OK  [0m] Listening on Socket activation for snappy daemon.
[[0;32m  OK  [0m] Started iSCSI initiator daemon (iscsid).
         Starting Login to default iSCSI targets...
[[0;32m  OK  [0m] Reached target Sockets.
[[0;32m  OK  [0m] Reached target Basic System.
         Starting /etc/rc.local Compatibility...
[[0;32m  OK  [0m] Started Deferred execution scheduler.
         Starting LSB: MD monitoring daemon...
         Starting Login Service...
[[0;32m  OK  [0m] Started D-Bus System Message Bus.
         Starting Accounts Service...
         Starting vboxadd.service...
         Starting LXD - container startup/shutdown...
         Starting vboxadd-x11.service...
[[0;32m  OK  [0m] Started FUSE filesystem for LXC.
         Starting LSB: Record successful boot for GRUB...
[[0;32m  OK  [0m] Started ACPI event daemon.
         Starting System Logging Service...
         Starting OpenBSD Secure Shell server...
[[0;32m  OK  [0m] Started Regular background program processing daemon.
         Starting Snappy daemon...
[[0;32m  OK  [0m] Started Unattended Upgrades Shutdown.
[[0;32m  OK  [0m] Started System Logging Service.
[[0;32m  OK  [0m] Started OpenBSD Secure Shell server.
[[0;32m  OK  [0m] Started /etc/rc.local Compatibility.
[[0;32m  OK  [0m] Started vboxadd.service.
[[0;32m  OK  [0m] Started LXD - container startup/shutdown.
[[0;32m  OK  [0m] Started vboxadd-x11.service.
[[0;32m  OK  [0m] Started Snappy daemon.
[[0;32m  OK  [0m] Started Login to default iSCSI targets.
[[0;32m  OK  [0m] Started LSB: MD monitoring daemon.
[[0;32m  OK  [0m] Started LSB: Record successful boot for GRUB.
[[0;32m  OK  [0m] Started Login Service.
         Starting Authenticate and Authorize Users to Run Privileged Tasks...
[[0;32m  OK  [0m] Reached target Remote File Systems (Pre).
[[0;32m  OK  [0m] Reached target Remote File Systems.
         Starting LSB: Set the CPU Frequency Scaling governor to "ondemand"...
         Starting LSB: automatic crash report generation...
         Starting Permit User Sessions...
         Starting LSB: daemon to balance interrupts for SMP systems...
         Starting Wait until snapd is fully seeded...
         Starting vboxadd-service.service...
[[0;32m  OK  [0m] Started Permit User Sessions.
[[0;32m  OK  [0m] Started Wait until snapd is fully seeded.
[[0;32m  OK  [0m] Started vboxadd-service.service.
[[0;32m  OK  [0m] Started Authenticate and Authorize Users to Run Privileged Tasks.
[[0;32m  OK  [0m] Started Accounts Service.
[[0;32m  OK  [0m] Started LSB: Set the CPU Frequency Scaling governor to "ondemand".
[[0;32m  OK  [0m] Started LSB: automatic crash report generation.
[[0;32m  OK  [0m] Created slice User Slice of vagrant.
         Starting User Manager for UID 1000...
[[0;32m  OK  [0m] Started Session 1 of user vagrant.
         Starting Apply the settings specified in cloud-config...
         Starting Terminate Plymouth Boot Screen...
         Starting Hold until boot process finishes up...
[[0;32m  OK  [0m] Started User Manager for UID 1000.
[[0;32m  OK  [0m] Started LSB: daemon to balance interrupts for SMP systems.
[[0;32m  OK  [0m] Started Terminate Plymouth Boot Screen.
[[0;32m  OK  [0m] Started Hold until boot process finishes up.
[[0;32m  OK  [0m] Started Serial Getty on ttyS0.
[[0;32m  OK  [0m] Started Getty on tty1.
[[0;32m  OK  [0m] Reached target Login Prompts.
         Starting Set console scheme...
[[0;32m  OK  [0m] Reached target Multi-User System.
[[0;32m  OK  [0m] Reached target Graphical Interface.
         Starting Update UTMP about System Runlevel Changes...
[[0;32m  OK  [0m] Started Set console scheme.
[[0;32m  OK  [0m] Started Update UTMP about System Runlevel Changes.
[   18.309457] cloud-init[1252]: Cloud-init v. 18.3-9-g2e62cb8a-0ubuntu1~16.04.2 running 'modules:config' at Mon, 08 Oct 2018 10:05:18 +0000. Up 18.17 seconds.
[[0;32m  OK  [0m] Started Apply the settings specified in cloud-config.
         Starting Execute cloud user/final scripts...
[   19.116454] cloud-init[1333]: Cloud-init v. 18.3-9-g2e62cb8a-0ubuntu1~16.04.2 running 'modules:final' at Mon, 08 Oct 2018 10:05:19 +0000. Up 18.96 seconds.
[   19.184490] cloud-init[1333]: Cloud-init v. 18.3-9-g2e62cb8a-0ubuntu1~16.04.2 finished at Mon, 08 Oct 2018 10:05:19 +0000. Datasource DataSourceNoCloud [seed=/dev/sdb][dsmode=net].  Up 19.10 seconds
[[0;32m  OK  [0m] Started Execute cloud user/final scripts.
[[0;32m  OK  [0m] Reached target Cloud-init target.

Ubuntu 16.04.5 LTS ubuntu-xenial ttyS0

ubuntu-xenial login:          Stopping A          Stopping Deferred execution scheduler...
         Stopping vboxadd-x11.service...
         Stopping LSB: Record successful boot for GRUB...
         Stopping LSB: automatic crash report generation...
         Stopping Accounts Service...
         Stopping LSB: MD monitoring daemon...
         Stopping Unattended Upgrades Shutdown...
[[0;32m  OK  [0m] Closed Load/Save RF Kill Switch Status /dev/rfkill Watch.
[[0;32m  OK  [0m] Stopped Daily apt upgrade and clean activities.
[[0;32m  OK  [0m] Stopped Daily apt download activities.
[[0;32m  OK  [0m] Stopped target System Time Synchronized.
         Stopping LSB: Set the CPU Frequency Scaling governor to "ondemand"...
[[0;32m  OK  [0m] Stopped Daily Cleanup of Temporary Directories.
         Stopping vboxadd-service.service...
         Stopping D-Bus System Message Bus...
         Stopping User Manager for UID 1000...
[[0;32m  OK  [0m] Unmounted /var/lib/lxcfs.
[[0;32m  OK  [0m] Stopped Deferred execution scheduler.
[[0;32m  OK  [0m] Stopped Accounts Service.
[[0;32m  OK  [0m] Stopped ACPI event daemon.
[[0;32m  OK  [0m] Stopped System Logging Service.
[[0;32m  OK  [0m] Stopped OpenBSD Secure Shell server.
[[0;32m  OK  [0m] Stopped Regular background program processing daemon.
[[0;32m  OK  [0m] Stopped Snappy daemon.
[[0;32m  OK  [0m] Stopped Authenticate and Authorize Users to Run Privileged Tasks.
[[0;32m  OK  [0m] Stopped Serial Getty on ttyS0.
[[0;32m  OK  [0m] Stopped Getty on tty1.
[[0;32m  OK  [0m] Stopped User Manager for UID 1000.
[[0;32m  OK  [0m] Stopped Session 4 of user vagrant.
[[0;32m  OK  [0m] Stopped vboxadd-x11.service.
[[0;32m  OK  [0m] Stopped Unattended Upgrades Shutdown.
[[0;32m  OK  [0m] Stopped D-Bus System Message Bus.
[[0;32m  OK  [0m] Stopped FUSE filesystem for LXC.
[[0;32m  OK  [0m] Stopped LXD - container startup/shutdown.
[[0;32m  OK  [0m] Stopped vboxadd-service.service.
[[0;32m  OK  [0m] Stopped LSB: daemon to balance interrupts for SMP systems.
[[0;32m  OK  [0m] Stopped LSB: Record successful boot for GRUB.
[[0;32m  OK  [0m] Stopped LSB: automatic crash report generation.
[[0;32m  OK  [0m] Stopped LSB: MD monitoring daemon.
[[0;32m  OK  [0m] Stopped LSB: Set the CPU Frequency Scaling governor to "ondemand".
         Stopping vboxadd.service...
[[0;32m  OK  [0m] Removed slice User Slice of vagrant.
         Stopping Login Service...
[[0;32m  OK  [0m] Removed slice system-getty.slice.
[[0;32m  OK  [0m] Stopped /etc/rc.local Compatibility.
[[0;32m  OK  [0m] Removed slice system-serial\x2dgetty.slice.
         Stopping Permit User Sessions...
[[0;32m  OK  [0m] Unmounted /vagrant.
[[0;32m  OK  [0m] Stopped Login Service.
[[0;32m  OK  [0m] Stopped vboxadd.service.
[[0;32m  OK  [0m] Stopped Permit User Sessions.
[[0;32m  OK  [0m] Stopped target Remote File Systems.
[[0;32m  OK  [0m] Stopped target Remote File Systems (Pre).
         Stopping Login to default iSCSI targets...
[[0;32m  OK  [0m] Stopped target Basic System.
[[0;32m  OK  [0m] Stopped target Sockets.
[[0;32m  OK  [0m] Closed ACPID Listen Socket.
[[0;32m  OK  [0m] Closed UUID daemon activation socket.
[[0;32m  OK  [0m] Closed LXD - unix socket.
[[0;32m  OK  [0m] Closed Socket activation for snappy daemon.
[[0;32m  OK  [0m] Closed Syslog Socket.
[[0;32m  OK  [0m] Stopped target Paths.
[[0;32m  OK  [0m] Stopped Forward Password Requests to Wall Directory Watch.
[[0;32m  OK  [0m] Stopped Dispatch Password Requests to Console Directory Watch.
[[0;32m  OK  [0m] Stopped ACPI Events Check.
[[0;32m  OK  [0m] Stopped target Slices.
[[0;32m  OK  [0m] Closed D-Bus System Message Bus Socket.
[[0;32m  OK  [0m] Removed slice User and Session Slice.
[[0;32m  OK  [0m] Stopped target User and Group Name Lookups.
[[0;32m  OK  [0m] Stopped target System Initialization.
[[0;32m  OK  [0m] Stopped target Encrypted Volumes.
[[0;32m  OK  [0m] Stopped target Swap.
[[0;32m  OK  [0m] Stopped Create Volatile Files and Directories.
         Stopping Load/Save Random Seed...
[[0;32m  OK  [0m] Stopped Load/Save Random Seed.
[[0;32m  OK  [0m] Stopped Login to default iSCSI targets.
         Stopping iSCSI initiator daemon (iscsid)...
[[0;32m  OK  [0m] Stopped iSCSI initiator daemon (iscsid).
[[0;32m  OK  [0m] Stopped target Network is Online.
[[0;32m  OK  [0m] Stopped Initial cloud-init job (metadata service crawler).
[[0;32m  OK  [0m] Stopped target Network.
         Stopping Raise network interfaces...
[[0;32m  OK  [0m] Stopped Raise network interfaces.
[[0;32m  OK  [0m] Stopped target Network (Pre).
[[0;32m  OK  [0m] Stopped Initial cloud-init job (pre-networking).
[[0;32m  OK  [0m] Stopped Apply Kernel Variables.
[[0;32m  OK  [0m] Stopped Load Kernel Modules.
[[0;32m  OK  [0m] Stopped target Local File Systems.
         Unmounting /run/user/1000...
[[0;32m  OK  [0m] Unmounted /run/user/1000.
[[0;32m  OK  [0m] Reached target Unmount All Filesystems.
[[0;32m  OK  [0m] Stopped target Local File Systems (Pre).
[[0;32m  OK  [0m] Stopped Create Static Device Nodes in /dev.
         Stopping Monitoring of LVM2 mirrors... dmeventd or progress polling...
[[0;32m  OK  [0m] Stopped Remount Root and Kernel File Systems.
[[0;32m  OK  [0m] Reached target Shutdown.
[  885.958715] reboot: Power down
